2024-08-12 14:18:29,719 - INFO - server listening on 220.90.180.89:8080
2024-08-12 14:18:29,720 - INFO - server start datdebayo!
2024-08-12 14:28:38,266 - INFO - connection open
2024-08-12 14:29:59,750 - WARNING - An unexpected error occurred: 'name'
2024-08-12 14:29:59,750 - WARNING - An unexpected error occurred: 'name'
2024-08-12 14:29:59,750 - WARNING - An unexpected error occurred: 'name'
2024-08-12 14:29:59,750 - WARNING - An unexpected error occurred: 'name'
2024-08-12 14:29:59,750 - WARNING - An unexpected error occurred: 'name'
2024-08-12 14:29:59,751 - WARNING - An unexpected error occurred: 'name'
2024-08-12 14:29:59,751 - WARNING - An unexpected error occurred: 'name'
2024-08-12 14:29:59,751 - WARNING - An unexpected error occurred: 'name'
2024-08-12 14:29:59,751 - WARNING - An unexpected error occurred: 'name'
2024-08-12 14:29:59,751 - WARNING - An unexpected error occurred: 'name'
2024-08-12 14:29:59,751 - WARNING - An unexpected error occurred: 'name'
2024-08-12 14:29:59,751 - WARNING - An unexpected error occurred: 'name'
2024-08-12 14:30:00,899 - WARNING - An unexpected error occurred: 'name'
2024-08-12 14:30:03,399 - WARNING - An unexpected error occurred: 'name'
2024-08-12 14:30:06,399 - WARNING - An unexpected error occurred: 'name'
2024-08-12 14:30:09,398 - WARNING - An unexpected error occurred: 'name'
2024-08-12 14:30:12,403 - WARNING - An unexpected error occurred: 'name'
2024-08-12 14:30:15,403 - WARNING - An unexpected error occurred: 'name'
2024-08-12 14:30:18,404 - WARNING - An unexpected error occurred: 'name'
2024-08-12 14:30:21,405 - WARNING - An unexpected error occurred: 'name'
2024-08-12 14:30:24,398 - WARNING - An unexpected error occurred: 'name'
2024-08-12 14:30:27,398 - WARNING - An unexpected error occurred: 'name'
2024-08-12 14:30:30,414 - WARNING - An unexpected error occurred: 'name'
2024-08-12 14:30:33,397 - WARNING - An unexpected error occurred: 'name'
2024-08-12 14:30:36,398 - WARNING - An unexpected error occurred: 'name'
2024-08-12 14:30:39,397 - WARNING - An unexpected error occurred: 'name'
2024-08-12 14:30:42,406 - WARNING - An unexpected error occurred: 'name'
2024-08-12 14:30:45,398 - WARNING - An unexpected error occurred: 'name'
2024-08-12 14:30:48,402 - WARNING - An unexpected error occurred: 'name'
2024-08-12 14:30:51,398 - WARNING - An unexpected error occurred: 'name'
2024-08-12 14:30:54,403 - WARNING - An unexpected error occurred: 'name'
2024-08-12 14:30:57,402 - WARNING - An unexpected error occurred: 'name'
2024-08-12 14:31:00,397 - WARNING - An unexpected error occurred: 'name'
2024-08-12 14:31:03,398 - WARNING - An unexpected error occurred: 'name'
2024-08-12 14:31:06,397 - WARNING - An unexpected error occurred: 'name'
2024-08-12 14:31:09,397 - WARNING - An unexpected error occurred: 'name'
2024-08-12 14:31:12,402 - WARNING - An unexpected error occurred: 'name'
2024-08-12 14:31:15,402 - WARNING - An unexpected error occurred: 'name'
2024-08-12 14:31:18,397 - WARNING - An unexpected error occurred: 'name'
2024-08-12 14:31:21,398 - WARNING - An unexpected error occurred: 'name'
2024-08-12 14:31:24,398 - WARNING - An unexpected error occurred: 'name'
2024-08-12 14:31:27,399 - WARNING - An unexpected error occurred: 'name'
2024-08-12 14:31:30,398 - WARNING - An unexpected error occurred: 'name'
2024-08-12 14:31:33,403 - WARNING - An unexpected error occurred: 'name'
2024-08-12 14:31:36,402 - WARNING - An unexpected error occurred: 'name'
2024-08-12 14:31:39,397 - WARNING - An unexpected error occurred: 'name'
2024-08-12 14:31:42,396 - WARNING - An unexpected error occurred: 'name'
2024-08-12 14:31:45,402 - WARNING - An unexpected error occurred: 'name'
2024-08-12 14:31:48,396 - WARNING - An unexpected error occurred: 'name'
2024-08-12 14:31:51,397 - WARNING - An unexpected error occurred: 'name'
2024-08-12 14:31:54,397 - WARNING - An unexpected error occurred: 'name'
2024-08-12 14:31:57,401 - WARNING - An unexpected error occurred: 'name'
2024-08-12 14:32:00,402 - WARNING - An unexpected error occurred: 'name'
2024-08-12 14:32:03,397 - WARNING - An unexpected error occurred: 'name'
2024-08-12 14:32:06,396 - WARNING - An unexpected error occurred: 'name'
2024-08-12 14:32:09,395 - WARNING - An unexpected error occurred: 'name'
2024-08-12 14:32:12,402 - WARNING - An unexpected error occurred: 'name'
2024-08-12 14:32:13,619 - WARNING - An unexpected error occurred: 'name'
2024-08-12 14:32:15,397 - WARNING - An unexpected error occurred: 'name'
2024-08-12 14:32:18,396 - WARNING - An unexpected error occurred: 'name'
2024-08-12 14:32:21,402 - WARNING - An unexpected error occurred: 'name'
2024-08-12 14:32:24,402 - WARNING - An unexpected error occurred: 'name'
2024-08-12 14:32:27,397 - WARNING - An unexpected error occurred: 'name'
2024-08-12 14:32:30,402 - WARNING - An unexpected error occurred: 'name'
2024-08-12 14:32:33,403 - WARNING - An unexpected error occurred: 'name'
2024-08-12 14:32:36,402 - WARNING - An unexpected error occurred: 'name'
2024-08-12 14:32:39,397 - WARNING - An unexpected error occurred: 'name'
2024-08-12 14:32:42,403 - WARNING - An unexpected error occurred: 'name'
2024-08-12 14:32:45,396 - WARNING - An unexpected error occurred: 'name'
2024-08-12 14:32:48,395 - WARNING - An unexpected error occurred: 'name'
2024-08-12 14:32:51,401 - WARNING - An unexpected error occurred: 'name'
2024-08-12 14:32:54,397 - WARNING - An unexpected error occurred: 'name'
2024-08-12 14:32:57,397 - WARNING - An unexpected error occurred: 'name'
2024-08-12 14:33:00,398 - WARNING - An unexpected error occurred: 'name'
2024-08-12 14:33:03,400 - WARNING - An unexpected error occurred: 'name'
2024-08-12 14:33:03,985 - INFO - connection closed
2024-08-12 14:36:31,784 - INFO - connection open
2024-08-12 14:37:03,848 - WARNING - Error handling: not enough arguments for format string
2024-08-12 14:38:06,929 - INFO - connection open
2024-08-12 14:38:22,618 - INFO - connection open
2024-08-12 14:38:22,626 - INFO - connection closed
2024-08-12 14:40:02,741 - INFO - connection closed
2024-08-12 14:40:03,903 - INFO - connection open
2024-08-12 14:43:57,986 - INFO - connection closed
2024-08-12 14:43:59,089 - INFO - connection open
2024-08-12 14:46:28,897 - INFO - connection closed
2024-08-12 14:46:30,024 - INFO - connection open
2024-08-12 14:46:42,500 - INFO - connection closed
2024-08-12 14:56:13,119 - INFO - connection open
2024-08-12 14:59:48,083 - INFO - connection closed
2024-08-12 15:24:52,920 - INFO - connection open
2024-08-12 15:28:07,349 - INFO - connection closed
2024-08-12 15:28:08,440 - INFO - connection open
2024-08-12 15:28:27,845 - INFO - connection closed
2024-08-12 15:29:06,928 - INFO - connection open
2024-08-12 15:29:42,510 - INFO - connection closed
2024-08-12 15:50:47,306 - INFO - connection open
2024-08-12 15:57:01,221 - INFO - connection closed
2024-08-12 15:57:01,222 - INFO - connection closed
2024-08-12 16:01:09,281 - INFO - server listening on 220.90.180.89:8080
2024-08-12 16:01:09,282 - INFO - server start datdebayo!
2024-08-12 16:03:40,561 - INFO - connection open
2024-08-12 16:11:48,793 - INFO - connection open
2024-08-12 16:11:59,461 - WARNING - Error handling: not enough arguments for format string
2024-08-12 16:12:19,251 - INFO - connection closed
2024-08-12 16:13:02,030 - INFO - connection open
2024-08-12 16:13:07,922 - INFO - connection open
2024-08-12 16:13:07,929 - INFO - connection closed
2024-08-12 16:18:30,278 - INFO - connection closed
2024-08-12 16:18:31,481 - INFO - connection open
2024-08-12 16:18:49,458 - WARNING - Error handling: not enough arguments for format string
2024-08-12 16:19:38,194 - INFO - connection closed
2024-08-12 16:19:39,262 - INFO - connection open
2024-08-12 16:25:23,092 - INFO - connection closed
2024-08-12 16:28:52,159 - INFO - connection open
2024-08-12 16:31:52,380 - INFO - connection closed
2024-08-12 16:31:54,215 - INFO - connection open
2024-08-12 16:32:33,174 - ERROR - data transfer failed
Traceback (most recent call last):
  File "C:\Users\user\PycharmProjects\python-websocket-server-master\.venv\lib\site-packages\websockets\legacy\protocol.py", line 963, in transfer_data
    message = await self.read_message()
  File "C:\Users\user\PycharmProjects\python-websocket-server-master\.venv\lib\site-packages\websockets\legacy\protocol.py", line 1033, in read_message
    frame = await self.read_data_frame(max_size=self.max_size)
  File "C:\Users\user\PycharmProjects\python-websocket-server-master\.venv\lib\site-packages\websockets\legacy\protocol.py", line 1108, in read_data_frame
    frame = await self.read_frame(max_size)
  File "C:\Users\user\PycharmProjects\python-websocket-server-master\.venv\lib\site-packages\websockets\legacy\protocol.py", line 1165, in read_frame
    frame = await Frame.read(
  File "C:\Users\user\PycharmProjects\python-websocket-server-master\.venv\lib\site-packages\websockets\legacy\framing.py", line 68, in read
    data = await reader(2)
  File "C:\Users\user\AppData\Local\Programs\Python\Python310\lib\asyncio\streams.py", line 708, in readexactly
    await self._wait_for_data('readexactly')
  File "C:\Users\user\AppData\Local\Programs\Python\Python310\lib\asyncio\streams.py", line 501, in _wait_for_data
    await self._waiter
  File "C:\Users\user\AppData\Local\Programs\Python\Python310\lib\asyncio\proactor_events.py", line 286, in _loop_reading
    length = fut.result()
  File "C:\Users\user\AppData\Local\Programs\Python\Python310\lib\asyncio\windows_events.py", line 826, in _poll
    value = callback(transferred, key, ov)
  File "C:\Users\user\AppData\Local\Programs\Python\Python310\lib\asyncio\windows_events.py", line 494, in finish_recv
    return ov.getresult()
OSError: [WinError 121] 세마포 제한 시간이 만료되었습니다
2024-08-12 16:32:33,219 - INFO - connection closed
2024-08-12 16:35:32,918 - INFO - connection closed
2024-08-12 16:35:33,973 - INFO - connection open
2024-08-12 16:35:45,793 - WARNING - Error handling: not enough arguments for format string
2024-08-12 16:36:09,601 - INFO - connection open
2024-08-12 16:36:57,394 - INFO - connection closed
2024-08-12 16:37:52,921 - INFO - connection open
2024-08-12 16:39:18,027 - INFO - connection closed
2024-08-12 16:40:20,977 - INFO - connection open
2024-08-12 16:41:21,262 - INFO - connection closed
2024-08-12 16:41:21,263 - INFO - connection closed
2024-08-12 16:41:32,652 - INFO - server listening on 220.90.180.89:8080
2024-08-12 16:41:32,652 - INFO - server start datdebayo!
2024-08-12 16:41:33,424 - INFO - connection open
2024-08-12 16:47:05,686 - INFO - connection open
2024-08-12 16:47:17,247 - WARNING - Error handling: not enough arguments for format string
2024-08-12 16:48:31,805 - INFO - connection closed
2024-08-12 16:48:33,351 - INFO - connection open
2024-08-12 16:54:11,672 - INFO - connection closed
2024-08-12 16:54:12,786 - INFO - connection open
2024-08-12 16:54:51,176 - INFO - connection open
2024-08-12 16:54:57,704 - INFO - connection closed
2024-08-12 16:56:40,779 - INFO - connection closed
2024-08-12 16:59:42,361 - INFO - connection open
2024-08-12 17:18:23,371 - INFO - connection closed
2024-08-12 17:29:12,261 - INFO - connection open
2024-08-12 17:32:24,670 - INFO - connection open
2024-08-12 17:33:23,803 - ERROR - data transfer failed
Traceback (most recent call last):
  File "C:\Users\user\PycharmProjects\python-websocket-server-master\.venv\lib\site-packages\websockets\legacy\protocol.py", line 963, in transfer_data
    message = await self.read_message()
  File "C:\Users\user\PycharmProjects\python-websocket-server-master\.venv\lib\site-packages\websockets\legacy\protocol.py", line 1033, in read_message
    frame = await self.read_data_frame(max_size=self.max_size)
  File "C:\Users\user\PycharmProjects\python-websocket-server-master\.venv\lib\site-packages\websockets\legacy\protocol.py", line 1108, in read_data_frame
    frame = await self.read_frame(max_size)
  File "C:\Users\user\PycharmProjects\python-websocket-server-master\.venv\lib\site-packages\websockets\legacy\protocol.py", line 1165, in read_frame
    frame = await Frame.read(
  File "C:\Users\user\PycharmProjects\python-websocket-server-master\.venv\lib\site-packages\websockets\legacy\framing.py", line 68, in read
    data = await reader(2)
  File "C:\Users\user\AppData\Local\Programs\Python\Python310\lib\asyncio\streams.py", line 708, in readexactly
    await self._wait_for_data('readexactly')
  File "C:\Users\user\AppData\Local\Programs\Python\Python310\lib\asyncio\streams.py", line 501, in _wait_for_data
    await self._waiter
  File "C:\Users\user\AppData\Local\Programs\Python\Python310\lib\asyncio\proactor_events.py", line 286, in _loop_reading
    length = fut.result()
  File "C:\Users\user\AppData\Local\Programs\Python\Python310\lib\asyncio\windows_events.py", line 826, in _poll
    value = callback(transferred, key, ov)
  File "C:\Users\user\AppData\Local\Programs\Python\Python310\lib\asyncio\windows_events.py", line 494, in finish_recv
    return ov.getresult()
OSError: [WinError 121] 세마포 제한 시간이 만료되었습니다
2024-08-12 17:33:23,812 - INFO - connection closed
2024-08-12 18:37:57,910 - INFO - connection closed
2024-08-12 18:37:58,975 - INFO - connection open
2024-08-12 18:59:48,531 - INFO - connection closed
2024-08-12 19:03:41,484 - INFO - connection open
2024-08-12 19:04:05,929 - INFO - Successfully connected to server.
2024-08-12 19:04:05,934 - INFO - Data sent to model server
2024-08-12 19:04:20,614 - INFO - Data received from model server
2024-08-12 19:04:20,614 - INFO - {'error': "'delete_room'"}
2024-08-12 19:05:45,183 - INFO - Successfully connected to server.
2024-08-12 19:05:45,183 - INFO - Data sent to model server
2024-08-12 19:05:45,188 - INFO - Data received from model server
2024-08-12 19:05:45,189 - INFO - {'error': "'delete_room'"}
2024-08-12 19:05:45,189 - WARNING - Error handling: 'face_predictions'
2024-08-12 19:06:33,490 - INFO - connection closed
2024-08-12 19:06:33,490 - INFO - connection closed
2024-08-12 19:06:35,706 - INFO - server listening on 220.90.180.89:8080
2024-08-12 19:06:35,706 - INFO - server start datdebayo!
2024-08-12 19:06:38,608 - INFO - connection open
2024-08-12 19:06:53,720 - INFO - Successfully connected to server.
2024-08-12 19:06:53,721 - INFO - Data sent to model server
2024-08-12 19:06:56,858 - INFO - Data received from model server
2024-08-12 19:06:56,858 - INFO - {'face_predictions': '김주영#', 'background_predictions': '미용실', 'captions_predictions': '녹색 셔츠를 입은 남자와 크고 어두운 방'}
2024-08-12 19:08:56,425 - INFO - connection closed
2024-08-12 19:08:57,627 - INFO - connection open
2024-08-12 19:09:09,481 - INFO - connection closed
2024-08-12 19:16:09,454 - INFO - connection open
2024-08-12 19:18:09,925 - WARNING - Error handling: not enough arguments for format string
2024-08-12 19:19:04,509 - INFO - Successfully connected to server.
2024-08-12 19:19:04,509 - INFO - Data sent to model server
2024-08-12 19:19:06,759 - INFO - Data received from model server
2024-08-12 19:19:06,759 - INFO - {'face_predictions': '김주영#', 'background_predictions': '미용실', 'captions_predictions': '얼굴에 흰색 모자를 쓰고 테이블에 앉아 있는 여자와 여자'}
2024-08-12 19:20:37,274 - INFO - connection closed
2024-08-12 19:20:39,804 - INFO - connection open
2024-08-12 19:21:14,120 - INFO - connection closed
2024-08-12 19:25:03,820 - INFO - connection open
2024-08-12 19:25:55,387 - INFO - connection closed
2024-08-12 19:26:34,854 - INFO - connection open
2024-08-12 19:27:41,469 - INFO - connection closed
2024-08-12 19:32:03,981 - INFO - connection open
2024-08-12 19:42:41,907 - INFO - connection closed
2024-08-12 19:42:43,096 - INFO - connection open
2024-08-12 19:47:37,013 - INFO - connection closed
2024-08-12 19:47:40,359 - INFO - connection open
2024-08-12 19:47:41,264 - INFO - connection closed
2024-08-12 19:48:53,334 - INFO - connection open
2024-08-12 19:50:48,283 - INFO - connection closed
2024-08-12 19:50:49,401 - INFO - connection open
2024-08-12 19:53:04,439 - INFO - connection closed
2024-08-12 19:54:50,885 - INFO - connection open
2024-08-12 19:55:31,963 - INFO - connection closed
2024-08-12 19:55:33,070 - INFO - connection open
2024-08-12 20:06:51,626 - INFO - connection open
2024-08-12 20:06:53,821 - INFO - connection closed
2024-08-12 20:07:31,688 - INFO - connection closed
2024-08-12 20:16:16,005 - INFO - connection open
2024-08-12 20:16:22,184 - INFO - connection open
2024-08-12 20:16:36,056 - INFO - connection closed
2024-08-12 20:17:02,275 - INFO - connection closed
2024-08-12 20:17:50,332 - INFO - connection open
2024-08-12 20:19:51,554 - INFO - connection closed
2024-08-12 20:20:58,448 - INFO - connection open
2024-08-12 20:21:53,486 - INFO - connection closed
2024-08-12 20:21:55,270 - INFO - connection open
2024-08-12 20:24:33,909 - INFO - connection closed
2024-08-12 20:25:40,275 - INFO - connection open
2024-08-12 20:26:03,399 - INFO - connection closed
2024-08-12 20:26:04,531 - INFO - connection open
2024-08-12 20:29:55,914 - INFO - connection closed
2024-08-12 20:30:57,560 - INFO - connection open
2024-08-12 20:31:45,296 - INFO - connection closed
2024-08-12 20:31:47,607 - INFO - connection open
2024-08-12 20:32:22,122 - INFO - connection closed
2024-08-12 20:32:23,379 - INFO - connection open
2024-08-12 20:32:30,342 - INFO - connection closed
2024-08-12 20:35:26,514 - INFO - connection open
2024-08-12 20:36:10,885 - WARNING - Error handling: not enough arguments for format string
2024-08-12 20:38:11,465 - INFO - connection open
2024-08-12 20:41:04,367 - INFO - connection closed
2024-08-12 20:41:05,870 - INFO - connection open
2024-08-12 20:43:46,013 - INFO - connection closed
2024-08-12 21:25:25,996 - INFO - connection open
2024-08-12 21:25:44,571 - WARNING - Error handling: not enough arguments for format string
2024-08-12 21:42:16,968 - INFO - connection closed
2024-08-12 21:43:17,092 - INFO - connection open
2024-08-12 21:43:24,340 - INFO - connection closed
2024-08-12 21:46:48,969 - INFO - connection open
2024-08-12 21:46:57,354 - INFO - connection closed
2024-08-12 21:46:58,501 - INFO - connection open
2024-08-12 21:47:10,367 - WARNING - Error handling: not enough arguments for format string
2024-08-12 21:50:13,056 - INFO - connection closed
2024-08-12 21:50:22,197 - INFO - connection open
2024-08-12 21:50:41,182 - WARNING - Error handling: not enough arguments for format string
2024-08-12 21:53:15,986 - INFO - connection open
2024-08-12 21:54:59,147 - INFO - connection closed
2024-08-12 21:55:00,324 - INFO - connection open
2024-08-12 21:55:10,284 - WARNING - Error handling: not enough arguments for format string
2024-08-12 21:55:50,640 - INFO - connection closed
2024-08-12 21:56:13,179 - INFO - connection closed
2024-08-12 21:58:41,303 - INFO - connection open
2024-08-12 21:59:22,161 - INFO - connection closed
2024-08-12 21:59:22,161 - INFO - connection closed
2024-08-12 21:59:23,779 - INFO - server listening on 220.90.180.89:8080
2024-08-12 21:59:23,779 - INFO - server start datdebayo!
2024-08-12 21:59:27,289 - INFO - connection open
2024-08-12 21:59:50,353 - INFO - connection closed
2024-08-12 21:59:51,424 - INFO - connection open
2024-08-12 22:00:31,730 - INFO - connection closed
2024-08-12 22:01:15,905 - INFO - connection open
2024-08-12 22:01:25,086 - WARNING - Error handling: not enough arguments for format string
2024-08-12 22:02:42,443 - INFO - connection open
2024-08-12 22:03:46,237 - INFO - connection open
2024-08-12 22:04:42,752 - INFO - connection closed
2024-08-12 22:04:43,734 - INFO - connection open
2024-08-12 22:05:22,490 - INFO - connection closed
2024-08-12 22:05:23,597 - INFO - connection open
2024-08-12 22:05:33,213 - WARNING - Error handling: not enough arguments for format string
2024-08-12 22:05:40,447 - INFO - connection closed
2024-08-12 22:05:44,955 - INFO - connection open
2024-08-12 22:05:54,009 - INFO - connection closed
2024-08-12 22:06:52,290 - INFO - connection open
2024-08-12 22:06:52,739 - INFO - connection closed
2024-08-12 22:06:53,837 - INFO - connection open
2024-08-12 22:07:21,011 - INFO - connection closed
2024-08-12 22:07:27,256 - INFO - connection closed
2024-08-12 22:07:27,256 - INFO - connection closed
2024-08-12 22:07:29,189 - INFO - server listening on 220.90.180.89:8080
2024-08-12 22:07:29,190 - INFO - server start datdebayo!
2024-08-12 22:07:55,801 - INFO - connection open
2024-08-12 22:08:09,480 - WARNING - Error handling: not enough arguments for format string
2024-08-12 22:10:51,249 - INFO - connection closed
2024-08-12 22:11:21,159 - INFO - connection open
2024-08-12 22:12:39,870 - INFO - connection closed
2024-08-12 22:16:54,302 - INFO - connection open
2024-08-12 22:27:12,314 - INFO - connection open
2024-08-12 22:32:11,125 - INFO - connection closed
2024-08-12 22:32:17,926 - INFO - connection open
2024-08-12 22:32:22,951 - INFO - connection closed
2024-08-12 22:32:24,024 - INFO - connection open
2024-08-12 22:35:53,761 - INFO - connection closed
2024-08-12 22:35:54,753 - INFO - connection open
2024-08-12 22:38:04,359 - INFO - connection closed
2024-08-12 22:38:05,310 - INFO - connection open
2024-08-12 22:38:07,979 - INFO - connection closed
2024-08-12 22:38:28,055 - INFO - connection closed
2024-08-12 22:38:31,582 - INFO - server listening on 220.90.180.89:8080
2024-08-12 22:38:31,583 - INFO - server start datdebayo!
2024-08-12 22:38:33,105 - INFO - connection open
2024-08-12 22:38:40,538 - INFO - connection closed
2024-08-12 22:38:41,512 - INFO - connection open
2024-08-12 22:42:42,054 - INFO - connection closed
2024-08-12 22:42:43,098 - INFO - connection open
2024-08-12 22:43:09,771 - INFO - connection closed
2024-08-12 22:43:10,357 - INFO - server listening on 220.90.180.89:8080
2024-08-12 22:43:10,357 - INFO - server start datdebayo!
2024-08-12 22:43:14,909 - INFO - connection open
2024-08-12 22:44:00,665 - INFO - connection closed
2024-08-12 22:44:39,622 - INFO - connection open
2024-08-12 22:45:01,526 - INFO - connection closed
2024-08-12 22:51:10,392 - INFO - connection open
2024-08-12 22:55:04,804 - INFO - connection closed
2024-08-12 22:55:05,842 - INFO - connection open
2024-08-12 22:55:06,739 - INFO - connection closed
2024-08-12 22:55:23,310 - INFO - server listening on 220.90.180.89:8080
2024-08-12 22:55:23,310 - INFO - server start datdebayo!
2024-08-12 23:00:06,091 - INFO - connection open
2024-08-12 23:11:23,522 - INFO - connection open
2024-08-12 23:11:26,873 - INFO - connection closed
2024-08-12 23:11:43,620 - INFO - connection closed
2024-08-12 23:30:23,351 - INFO - connection open
2024-08-12 23:30:39,918 - INFO - connection closed
2024-08-12 23:30:40,372 - INFO - server listening on 220.90.180.89:8080
2024-08-12 23:30:40,372 - INFO - server start datdebayo!
2024-08-12 23:30:44,964 - INFO - connection open
2024-08-12 23:32:00,178 - INFO - connection closed
2024-08-12 23:32:01,183 - INFO - connection open
2024-08-12 23:39:16,992 - INFO - connection closed
2024-08-12 23:39:18,049 - INFO - connection open
2024-08-12 23:47:59,710 - INFO - connection closed
2024-08-12 23:48:00,721 - INFO - connection open
2024-08-12 23:49:17,984 - INFO - connection closed
2024-08-12 23:49:31,624 - INFO - server listening on 220.90.180.89:8080
2024-08-12 23:49:31,624 - INFO - server start datdebayo!
2024-08-12 23:52:15,919 - INFO - connection open
2024-08-12 23:53:01,464 - INFO - connection closed
2024-08-12 23:53:08,481 - INFO - server listening on 220.90.180.89:8080
2024-08-12 23:53:08,481 - INFO - server start datdebayo!
2024-08-12 23:54:04,440 - INFO - connection open
2024-08-12 23:58:19,787 - INFO - connection closed
2024-08-12 23:58:20,811 - INFO - connection open
2024-08-12 23:58:25,303 - INFO - connection closed
2024-08-12 23:58:25,777 - INFO - server listening on 220.90.180.89:8080
2024-08-12 23:58:25,777 - INFO - server start datdebayo!
2024-08-12 23:58:30,318 - INFO - connection open
2024-08-13 00:00:34,020 - INFO - connection closed
2024-08-13 00:00:35,031 - INFO - connection open
2024-08-13 00:03:56,685 - INFO - connection closed
2024-08-13 00:03:57,743 - INFO - connection open
2024-08-13 00:04:05,379 - INFO - connection closed
2024-08-13 00:07:39,732 - INFO - connection open
2024-08-13 00:09:57,998 - INFO - connection closed
2024-08-13 00:13:12,635 - INFO - connection open
2024-08-13 00:13:49,829 - INFO - connection closed
2024-08-13 00:13:50,821 - INFO - connection open
2024-08-13 00:13:58,604 - INFO - connection closed
2024-08-13 00:17:26,804 - INFO - connection open
2024-08-13 00:20:27,676 - INFO - connection closed
2024-08-13 01:05:12,992 - INFO - connection open
2024-08-13 01:05:48,354 - INFO - connection closed
2024-08-13 01:05:49,405 - INFO - connection open
2024-08-13 01:07:25,152 - INFO - connection closed
2024-08-13 01:07:26,159 - INFO - connection open
2024-08-13 01:07:43,366 - INFO - connection closed
2024-08-13 01:07:43,819 - INFO - server listening on 220.90.180.89:8080
2024-08-13 01:07:43,820 - INFO - server start datdebayo!
2024-08-13 01:07:48,481 - INFO - connection open
2024-08-13 01:08:10,142 - INFO - connection closed
2024-08-13 01:08:48,446 - INFO - connection open
2024-08-13 01:22:34,414 - INFO - connection closed
2024-08-13 01:22:38,255 - INFO - connection open
2024-08-13 01:22:51,267 - INFO - connection closed
2024-08-13 01:22:51,730 - INFO - server listening on 220.90.180.89:8080
2024-08-13 01:22:51,730 - INFO - server start datdebayo!
2024-08-13 01:22:56,336 - INFO - connection open
2024-08-13 01:23:56,414 - INFO - connection closed
2024-08-13 01:24:41,741 - INFO - connection open
2024-08-13 01:24:57,159 - INFO - connection closed
2024-08-13 01:49:22,037 - INFO - connection open
2024-08-13 01:52:10,179 - INFO - connection closed
2024-08-13 01:52:11,206 - INFO - connection open
2024-08-13 01:52:19,871 - INFO - connection closed
2024-08-13 01:52:20,432 - INFO - server listening on 220.90.180.89:8080
2024-08-13 01:52:20,432 - INFO - server start datdebayo!
2024-08-13 01:52:25,020 - INFO - connection open
2024-08-13 01:52:44,400 - INFO - connection closed
2024-08-13 01:53:22,462 - INFO - connection open
2024-08-13 01:54:05,349 - INFO - connection closed
2024-08-13 01:54:06,564 - INFO - connection open
2024-08-13 01:54:13,089 - INFO - connection closed
2024-08-13 01:54:13,656 - INFO - server listening on 220.90.180.89:8080
2024-08-13 01:54:13,656 - INFO - server start datdebayo!
2024-08-13 01:54:18,244 - INFO - connection open
2024-08-13 01:54:20,535 - INFO - connection closed
2024-08-13 01:54:21,863 - INFO - connection open
2024-08-13 02:01:42,959 - INFO - connection closed
2024-08-13 02:03:05,991 - INFO - connection open
2024-08-13 02:03:06,033 - WARNING - An unexpected error occurred: no close frame received or sent
2024-08-13 02:03:06,037 - WARNING - An unexpected error occurred: no close frame received or sent
2024-08-13 02:03:20,472 - WARNING - An unexpected error occurred: no close frame received or sent
2024-08-13 02:03:36,421 - WARNING - An unexpected error occurred: no close frame received or sent
2024-08-13 02:03:52,713 - WARNING - An unexpected error occurred: no close frame received or sent
2024-08-13 02:04:13,455 - WARNING - An unexpected error occurred: no close frame received or sent
2024-08-13 02:04:29,500 - INFO - connection closed
2024-08-13 09:26:27,912 - INFO - connection open
2024-08-13 09:26:57,194 - INFO - connection closed
2024-08-13 09:26:58,853 - INFO - connection open
2024-08-13 09:28:44,710 - INFO - connection closed
2024-08-13 09:31:05,017 - INFO - connection open
2024-08-13 09:32:38,703 - INFO - connection closed
2024-08-13 09:33:36,707 - INFO - connection open
2024-08-13 09:35:01,270 - INFO - connection open
2024-08-13 09:37:30,740 - INFO - connection closed
2024-08-13 09:39:03,726 - INFO - connection open
2024-08-13 09:40:21,000 - INFO - connection closed
2024-08-13 09:40:21,000 - INFO - connection closed
2024-08-13 09:40:22,785 - INFO - server listening on 220.90.180.89:8080
2024-08-13 09:40:22,785 - INFO - server start datdebayo!
2024-08-13 09:40:26,103 - INFO - connection open
2024-08-13 09:40:30,157 - INFO - connection closed
2024-08-13 09:40:36,184 - INFO - connection open
2024-08-13 09:40:41,399 - INFO - connection open
2024-08-13 09:40:46,971 - INFO - connection open
2024-08-13 09:41:01,245 - WARNING - Error handling: not enough arguments for format string
2024-08-13 09:41:49,619 - INFO - connection closed
2024-08-13 09:52:22,144 - INFO - connection closed
2024-08-13 09:53:54,559 - INFO - connection open
2024-08-13 09:55:19,846 - INFO - connection open
2024-08-13 09:57:01,290 - INFO - connection open
2024-08-13 09:57:01,291 - INFO - connection closed
2024-08-13 09:58:29,091 - INFO - connection closed
2024-08-13 10:00:39,659 - INFO - connection closed
2024-08-13 10:03:51,946 - INFO - connection open
2024-08-13 10:05:52,254 - INFO - connection closed
2024-08-13 10:10:19,172 - INFO - connection open
2024-08-13 10:11:13,321 - INFO - connection open
2024-08-13 10:11:29,835 - INFO - connection closed
2024-08-13 10:11:58,888 - INFO - connection closed
2024-08-13 10:11:58,888 - INFO - connection closed
2024-08-13 10:12:04,840 - INFO - server listening on 220.90.180.89:8080
2024-08-13 10:12:04,840 - INFO - server start datdebayo!
2024-08-13 10:12:04,920 - INFO - connection open
2024-08-13 10:12:04,950 - INFO - connection open
2024-08-13 10:13:21,914 - INFO - connection open
2024-08-13 10:16:02,480 - INFO - connection closed
2024-08-13 10:17:05,682 - INFO - connection closed
2024-08-13 10:17:07,259 - INFO - connection open
2024-08-13 10:21:24,547 - INFO - connection closed
2024-08-13 10:21:41,511 - INFO - connection open
2024-08-13 10:22:03,787 - INFO - connection closed
2024-08-13 10:22:07,481 - INFO - connection open
2024-08-13 10:22:16,466 - INFO - connection closed
2024-08-13 10:22:26,286 - INFO - connection open
2024-08-13 10:22:31,567 - INFO - connection closed
2024-08-13 10:24:11,800 - INFO - connection open
2024-08-13 10:26:55,196 - INFO - connection open
2024-08-13 10:27:43,918 - INFO - connection closed
2024-08-13 10:30:36,689 - INFO - connection closed
2024-08-13 10:30:36,689 - INFO - connection closed
2024-08-13 10:30:38,153 - INFO - server listening on 220.90.180.89:8080
2024-08-13 10:30:38,153 - INFO - server start datdebayo!
2024-08-13 10:30:41,704 - INFO - connection open
2024-08-13 10:33:52,029 - INFO - connection closed
2024-08-13 10:35:50,311 - INFO - server listening on 220.90.180.89:8080
2024-08-13 10:35:50,311 - INFO - server start datdebayo!
2024-08-13 10:41:42,205 - INFO - server listening on 0.0.0.0:8080
2024-08-13 10:41:42,205 - INFO - server start datdebayo!
2024-08-13 10:45:43,654 - INFO - server listening on 192.168.0.45:8080
2024-08-13 10:45:43,655 - INFO - server start datdebayo!
2024-08-13 10:48:56,298 - INFO - server listening on 220.90.180.89:8080
2024-08-13 10:48:56,298 - INFO - server start datdebayo!
2024-08-13 10:52:05,743 - INFO - connection open
2024-08-13 10:53:26,115 - INFO - connection closed
2024-08-13 10:55:30,872 - INFO - server listening on 0.0.0.0:8080
2024-08-13 10:55:30,872 - INFO - server start datdebayo!
2024-08-13 10:55:36,926 - INFO - server listening on 0.0.0.0:8080
2024-08-13 10:55:36,926 - INFO - server start datdebayo!
2024-08-13 10:58:09,833 - WARNING - An unexpected error occurred: 'NoneType' object has no attribute 'execute'
2024-08-13 11:06:38,112 - INFO - connection open
2024-08-13 11:07:52,693 - INFO - connection closed
2024-08-13 11:07:53,952 - INFO - server listening on 0.0.0.0:8080
2024-08-13 11:07:53,952 - INFO - server start datdebayo!
2024-08-13 11:08:01,593 - INFO - connection open
2024-08-13 11:08:18,315 - INFO - connection closed
2024-08-13 11:08:21,180 - INFO - connection open
2024-08-13 11:08:48,957 - INFO - connection closed
2024-08-13 11:09:37,686 - INFO - connection open
2024-08-13 11:09:57,815 - INFO - connection closed
2024-08-13 11:12:35,834 - INFO - connection rejected (400 Bad Request)
2024-08-13 11:12:35,834 - INFO - connection closed
2024-08-13 11:12:35,835 - INFO - connection rejected (400 Bad Request)
2024-08-13 11:12:35,835 - INFO - connection closed
2024-08-13 11:12:35,837 - INFO - connection rejected (426 Upgrade Required)
2024-08-13 11:12:35,837 - INFO - connection closed
2024-08-13 11:12:35,857 - INFO - connection rejected (426 Upgrade Required)
2024-08-13 11:12:35,857 - INFO - connection closed
2024-08-13 11:13:46,752 - INFO - server listening on 0.0.0.0:8080
2024-08-13 11:13:46,752 - INFO - server start datdebayo!
2024-08-13 11:20:41,632 - INFO - connection open
2024-08-13 11:20:52,854 - INFO - connection closed
2024-08-13 11:21:13,695 - INFO - connection open
2024-08-13 11:21:38,969 - INFO - connection closed
2024-08-13 11:24:45,697 - INFO - connection open
2024-08-13 11:26:55,332 - INFO - Successfully connected to server.
2024-08-13 11:26:55,381 - INFO - Data sent to model server
2024-08-13 11:28:06,986 - INFO - connection open
2024-08-13 11:28:09,447 - INFO - Data received from model server
2024-08-13 11:28:09,447 - INFO - {'success': 'Room creation prepared'}
2024-08-13 11:28:09,449 - WARNING - An unexpected error occurred: no close frame received or sent
2024-08-13 11:28:09,477 - INFO - connection closed
2024-08-13 11:28:34,045 - INFO - connection open
2024-08-13 11:28:34,046 - INFO - connection closed
2024-08-13 11:29:02,565 - WARNING - An unexpected error occurred: 'name'
2024-08-13 11:29:02,566 - WARNING - An unexpected error occurred: 'name'
2024-08-13 11:29:04,426 - WARNING - An unexpected error occurred: 'name'
2024-08-13 11:29:04,732 - WARNING - An unexpected error occurred: 'name'
2024-08-13 11:29:07,459 - WARNING - An unexpected error occurred: 'name'
2024-08-13 11:29:07,752 - WARNING - An unexpected error occurred: 'name'
2024-08-13 11:29:10,440 - WARNING - An unexpected error occurred: 'name'
2024-08-13 11:29:10,741 - WARNING - An unexpected error occurred: 'name'
2024-08-13 11:29:13,414 - WARNING - An unexpected error occurred: 'name'
2024-08-13 11:29:13,726 - WARNING - An unexpected error occurred: 'name'
2024-08-13 11:29:16,441 - WARNING - An unexpected error occurred: 'name'
2024-08-13 11:29:16,724 - WARNING - An unexpected error occurred: 'name'
2024-08-13 11:29:19,464 - WARNING - An unexpected error occurred: 'name'
2024-08-13 11:29:19,738 - WARNING - An unexpected error occurred: 'name'
2024-08-13 11:29:22,431 - WARNING - An unexpected error occurred: 'name'
2024-08-13 11:29:22,743 - WARNING - An unexpected error occurred: 'name'
2024-08-13 11:29:25,442 - WARNING - An unexpected error occurred: 'name'
2024-08-13 11:29:25,742 - WARNING - An unexpected error occurred: 'name'
2024-08-13 11:29:28,550 - WARNING - An unexpected error occurred: 'name'
2024-08-13 11:29:28,791 - WARNING - An unexpected error occurred: 'name'
2024-08-13 11:29:31,424 - WARNING - An unexpected error occurred: 'name'
2024-08-13 11:29:31,734 - WARNING - An unexpected error occurred: 'name'
2024-08-13 11:29:34,477 - WARNING - An unexpected error occurred: 'name'
2024-08-13 11:29:34,723 - WARNING - An unexpected error occurred: 'name'
2024-08-13 11:29:37,417 - WARNING - An unexpected error occurred: 'name'
2024-08-13 11:29:37,758 - WARNING - An unexpected error occurred: 'name'
2024-08-13 11:29:40,425 - WARNING - An unexpected error occurred: 'name'
2024-08-13 11:29:40,722 - WARNING - An unexpected error occurred: 'name'
2024-08-13 11:29:43,497 - WARNING - An unexpected error occurred: 'name'
2024-08-13 11:29:43,730 - WARNING - An unexpected error occurred: 'name'
2024-08-13 11:29:46,444 - WARNING - An unexpected error occurred: 'name'
2024-08-13 11:29:46,782 - WARNING - An unexpected error occurred: 'name'
2024-08-13 11:29:49,494 - WARNING - An unexpected error occurred: 'name'
2024-08-13 11:29:49,734 - WARNING - An unexpected error occurred: 'name'
2024-08-13 11:29:52,423 - WARNING - An unexpected error occurred: 'name'
2024-08-13 11:29:52,820 - WARNING - An unexpected error occurred: 'name'
2024-08-13 11:29:55,420 - WARNING - An unexpected error occurred: 'name'
2024-08-13 11:29:55,733 - WARNING - An unexpected error occurred: 'name'
2024-08-13 11:29:58,417 - WARNING - An unexpected error occurred: 'name'
2024-08-13 11:29:58,799 - WARNING - An unexpected error occurred: 'name'
2024-08-13 11:30:01,441 - WARNING - An unexpected error occurred: 'name'
2024-08-13 11:30:01,727 - WARNING - An unexpected error occurred: 'name'
2024-08-13 11:30:04,518 - WARNING - An unexpected error occurred: 'name'
2024-08-13 11:30:04,766 - WARNING - An unexpected error occurred: 'name'
2024-08-13 11:30:07,418 - WARNING - An unexpected error occurred: 'name'
2024-08-13 11:30:07,724 - WARNING - An unexpected error occurred: 'name'
2024-08-13 11:30:10,431 - WARNING - An unexpected error occurred: 'name'
2024-08-13 11:30:10,735 - WARNING - An unexpected error occurred: 'name'
2024-08-13 11:30:13,414 - WARNING - An unexpected error occurred: 'name'
2024-08-13 11:30:13,833 - WARNING - An unexpected error occurred: 'name'
2024-08-13 11:30:16,443 - WARNING - An unexpected error occurred: 'name'
2024-08-13 11:30:16,736 - WARNING - An unexpected error occurred: 'name'
2024-08-13 11:30:19,415 - WARNING - An unexpected error occurred: 'name'
2024-08-13 11:30:19,736 - WARNING - An unexpected error occurred: 'name'
2024-08-13 11:30:22,107 - INFO - connection closed
2024-08-13 11:30:25,093 - INFO - connection open
2024-08-13 11:30:38,898 - INFO - connection closed
2024-08-13 11:37:53,861 - INFO - connection open
2024-08-13 11:40:17,255 - INFO - connection closed
2024-08-13 11:40:19,185 - INFO - server listening on 220.90.180.89:8080
2024-08-13 11:40:19,185 - INFO - server start datdebayo!
2024-08-13 11:43:05,690 - INFO - server listening on 220.90.180.89:8080
2024-08-13 11:43:05,690 - INFO - server start datdebayo!
2024-08-13 11:57:13,715 - INFO - connection open
2024-08-13 11:58:09,152 - INFO - connection open
2024-08-13 11:58:12,704 - ERROR - data transfer failed
Traceback (most recent call last):
  File "C:\Users\user\PycharmProjects\python-websocket-server-master\.venv\lib\site-packages\websockets\legacy\protocol.py", line 963, in transfer_data
    message = await self.read_message()
  File "C:\Users\user\PycharmProjects\python-websocket-server-master\.venv\lib\site-packages\websockets\legacy\protocol.py", line 1033, in read_message
    frame = await self.read_data_frame(max_size=self.max_size)
  File "C:\Users\user\PycharmProjects\python-websocket-server-master\.venv\lib\site-packages\websockets\legacy\protocol.py", line 1108, in read_data_frame
    frame = await self.read_frame(max_size)
  File "C:\Users\user\PycharmProjects\python-websocket-server-master\.venv\lib\site-packages\websockets\legacy\protocol.py", line 1165, in read_frame
    frame = await Frame.read(
  File "C:\Users\user\PycharmProjects\python-websocket-server-master\.venv\lib\site-packages\websockets\legacy\framing.py", line 68, in read
    data = await reader(2)
  File "C:\Users\user\AppData\Local\Programs\Python\Python310\lib\asyncio\streams.py", line 708, in readexactly
    await self._wait_for_data('readexactly')
  File "C:\Users\user\AppData\Local\Programs\Python\Python310\lib\asyncio\streams.py", line 501, in _wait_for_data
    await self._waiter
  File "C:\Users\user\AppData\Local\Programs\Python\Python310\lib\asyncio\proactor_events.py", line 286, in _loop_reading
    length = fut.result()
  File "C:\Users\user\AppData\Local\Programs\Python\Python310\lib\asyncio\windows_events.py", line 826, in _poll
    value = callback(transferred, key, ov)
  File "C:\Users\user\AppData\Local\Programs\Python\Python310\lib\asyncio\windows_events.py", line 494, in finish_recv
    return ov.getresult()
OSError: [WinError 121] 세마포 제한 시간이 만료되었습니다
2024-08-13 11:58:12,741 - INFO - connection closed
2024-08-13 11:58:48,103 - ERROR - data transfer failed
Traceback (most recent call last):
  File "C:\Users\user\PycharmProjects\python-websocket-server-master\.venv\lib\site-packages\websockets\legacy\protocol.py", line 963, in transfer_data
    message = await self.read_message()
  File "C:\Users\user\PycharmProjects\python-websocket-server-master\.venv\lib\site-packages\websockets\legacy\protocol.py", line 1033, in read_message
    frame = await self.read_data_frame(max_size=self.max_size)
  File "C:\Users\user\PycharmProjects\python-websocket-server-master\.venv\lib\site-packages\websockets\legacy\protocol.py", line 1108, in read_data_frame
    frame = await self.read_frame(max_size)
  File "C:\Users\user\PycharmProjects\python-websocket-server-master\.venv\lib\site-packages\websockets\legacy\protocol.py", line 1165, in read_frame
    frame = await Frame.read(
  File "C:\Users\user\PycharmProjects\python-websocket-server-master\.venv\lib\site-packages\websockets\legacy\framing.py", line 68, in read
    data = await reader(2)
  File "C:\Users\user\AppData\Local\Programs\Python\Python310\lib\asyncio\streams.py", line 708, in readexactly
    await self._wait_for_data('readexactly')
  File "C:\Users\user\AppData\Local\Programs\Python\Python310\lib\asyncio\streams.py", line 501, in _wait_for_data
    await self._waiter
  File "C:\Users\user\AppData\Local\Programs\Python\Python310\lib\asyncio\proactor_events.py", line 286, in _loop_reading
    length = fut.result()
  File "C:\Users\user\AppData\Local\Programs\Python\Python310\lib\asyncio\windows_events.py", line 826, in _poll
    value = callback(transferred, key, ov)
  File "C:\Users\user\AppData\Local\Programs\Python\Python310\lib\asyncio\windows_events.py", line 494, in finish_recv
    return ov.getresult()
OSError: [WinError 121] 세마포 제한 시간이 만료되었습니다
2024-08-13 11:58:48,104 - INFO - connection closed
2024-08-13 13:39:30,363 - INFO - connection open
2024-08-13 13:41:37,797 - INFO - connection closed
2024-08-13 13:41:54,656 - INFO - connection open
2024-08-13 13:43:53,531 - INFO - connection open
2024-08-13 13:44:14,147 - INFO - connection open
2024-08-13 13:45:03,744 - INFO - connection open
2024-08-13 13:45:21,930 - INFO - connection closed
2024-08-13 13:45:40,393 - INFO - connection closed
2024-08-13 13:45:45,416 - INFO - connection open
2024-08-13 13:46:25,369 - WARNING - An unexpected error occurred: no close frame received or sent
2024-08-13 13:46:26,644 - WARNING - An unexpected error occurred: no close frame received or sent
2024-08-13 13:46:27,003 - WARNING - An unexpected error occurred: no close frame received or sent
2024-08-13 13:46:27,505 - WARNING - An unexpected error occurred: no close frame received or sent
2024-08-13 13:46:28,279 - WARNING - An unexpected error occurred: no close frame received or sent
2024-08-13 13:46:40,367 - WARNING - An unexpected error occurred: no close frame received or sent
2024-08-13 13:46:41,636 - WARNING - An unexpected error occurred: no close frame received or sent
2024-08-13 13:46:42,027 - WARNING - An unexpected error occurred: no close frame received or sent
2024-08-13 13:46:42,541 - WARNING - An unexpected error occurred: no close frame received or sent
2024-08-13 13:46:43,165 - WARNING - An unexpected error occurred: no close frame received or sent
2024-08-13 13:46:55,373 - WARNING - An unexpected error occurred: no close frame received or sent
2024-08-13 13:46:56,601 - WARNING - An unexpected error occurred: no close frame received or sent
2024-08-13 13:46:57,110 - WARNING - An unexpected error occurred: no close frame received or sent
2024-08-13 13:46:57,448 - WARNING - An unexpected error occurred: no close frame received or sent
2024-08-13 13:46:58,166 - WARNING - An unexpected error occurred: no close frame received or sent
2024-08-13 13:47:10,367 - WARNING - An unexpected error occurred: no close frame received or sent
2024-08-13 13:47:11,679 - WARNING - An unexpected error occurred: no close frame received or sent
2024-08-13 13:47:12,021 - WARNING - An unexpected error occurred: no close frame received or sent
2024-08-13 13:47:12,469 - WARNING - An unexpected error occurred: no close frame received or sent
2024-08-13 13:47:13,163 - WARNING - An unexpected error occurred: no close frame received or sent
2024-08-13 13:47:25,369 - WARNING - An unexpected error occurred: no close frame received or sent
2024-08-13 13:47:26,638 - WARNING - An unexpected error occurred: no close frame received or sent
2024-08-13 13:47:27,113 - WARNING - An unexpected error occurred: no close frame received or sent
2024-08-13 13:47:27,446 - WARNING - An unexpected error occurred: no close frame received or sent
2024-08-13 13:47:28,236 - WARNING - An unexpected error occurred: no close frame received or sent
2024-08-13 13:47:40,365 - WARNING - An unexpected error occurred: no close frame received or sent
2024-08-13 13:47:41,696 - WARNING - An unexpected error occurred: no close frame received or sent
2024-08-13 13:47:42,036 - WARNING - An unexpected error occurred: no close frame received or sent
2024-08-13 13:47:42,530 - WARNING - An unexpected error occurred: no close frame received or sent
2024-08-13 13:47:43,183 - WARNING - An unexpected error occurred: no close frame received or sent
2024-08-13 13:47:55,368 - WARNING - An unexpected error occurred: no close frame received or sent
2024-08-13 13:47:56,603 - WARNING - An unexpected error occurred: no close frame received or sent
2024-08-13 13:47:57,074 - WARNING - An unexpected error occurred: no close frame received or sent
2024-08-13 13:47:57,423 - WARNING - An unexpected error occurred: no close frame received or sent
2024-08-13 13:47:58,233 - WARNING - An unexpected error occurred: no close frame received or sent
2024-08-13 13:48:10,368 - WARNING - An unexpected error occurred: no close frame received or sent
2024-08-13 13:48:11,730 - WARNING - An unexpected error occurred: no close frame received or sent
2024-08-13 13:48:12,069 - WARNING - An unexpected error occurred: no close frame received or sent
2024-08-13 13:48:12,426 - WARNING - An unexpected error occurred: no close frame received or sent
2024-08-13 13:48:13,208 - WARNING - An unexpected error occurred: no close frame received or sent
2024-08-13 13:48:25,365 - WARNING - An unexpected error occurred: no close frame received or sent
2024-08-13 13:48:26,610 - WARNING - An unexpected error occurred: no close frame received or sent
2024-08-13 13:48:27,018 - WARNING - An unexpected error occurred: no close frame received or sent
2024-08-13 13:48:27,528 - WARNING - An unexpected error occurred: no close frame received or sent
2024-08-13 13:48:28,164 - WARNING - An unexpected error occurred: no close frame received or sent
2024-08-13 13:48:40,374 - WARNING - An unexpected error occurred: no close frame received or sent
2024-08-13 13:48:41,706 - WARNING - An unexpected error occurred: no close frame received or sent
2024-08-13 13:48:42,010 - WARNING - An unexpected error occurred: no close frame received or sent
2024-08-13 13:48:42,523 - WARNING - An unexpected error occurred: no close frame received or sent
2024-08-13 13:48:43,281 - WARNING - An unexpected error occurred: no close frame received or sent
2024-08-13 13:48:55,368 - WARNING - An unexpected error occurred: no close frame received or sent
2024-08-13 13:48:56,606 - WARNING - An unexpected error occurred: no close frame received or sent
2024-08-13 13:48:57,050 - WARNING - An unexpected error occurred: no close frame received or sent
2024-08-13 13:48:57,426 - WARNING - An unexpected error occurred: no close frame received or sent
2024-08-13 13:48:58,171 - WARNING - An unexpected error occurred: no close frame received or sent
2024-08-13 13:49:10,372 - WARNING - An unexpected error occurred: no close frame received or sent
2024-08-13 13:49:11,631 - WARNING - An unexpected error occurred: no close frame received or sent
2024-08-13 13:49:12,026 - WARNING - An unexpected error occurred: no close frame received or sent
2024-08-13 13:49:12,535 - WARNING - An unexpected error occurred: no close frame received or sent
2024-08-13 13:49:13,162 - WARNING - An unexpected error occurred: no close frame received or sent
2024-08-13 13:49:25,364 - WARNING - An unexpected error occurred: no close frame received or sent
2024-08-13 13:49:26,603 - WARNING - An unexpected error occurred: no close frame received or sent
2024-08-13 13:49:27,085 - WARNING - An unexpected error occurred: no close frame received or sent
2024-08-13 13:49:27,426 - WARNING - An unexpected error occurred: no close frame received or sent
2024-08-13 13:49:28,193 - WARNING - An unexpected error occurred: no close frame received or sent
2024-08-13 13:49:30,348 - INFO - connection closed
2024-08-13 13:49:40,365 - WARNING - An unexpected error occurred: no close frame received or sent
2024-08-13 13:49:41,601 - WARNING - An unexpected error occurred: no close frame received or sent
2024-08-13 13:49:42,065 - WARNING - An unexpected error occurred: no close frame received or sent
2024-08-13 13:49:42,432 - WARNING - An unexpected error occurred: no close frame received or sent
2024-08-13 13:49:43,207 - WARNING - An unexpected error occurred: no close frame received or sent
2024-08-13 13:49:55,369 - WARNING - An unexpected error occurred: no close frame received or sent
2024-08-13 13:49:56,601 - WARNING - An unexpected error occurred: no close frame received or sent
2024-08-13 13:49:57,000 - WARNING - An unexpected error occurred: no close frame received or sent
2024-08-13 13:49:57,425 - WARNING - An unexpected error occurred: no close frame received or sent
2024-08-13 13:49:58,163 - WARNING - An unexpected error occurred: no close frame received or sent
2024-08-13 13:50:10,365 - WARNING - An unexpected error occurred: no close frame received or sent
2024-08-13 13:50:11,686 - WARNING - An unexpected error occurred: no close frame received or sent
2024-08-13 13:50:12,032 - WARNING - An unexpected error occurred: no close frame received or sent
2024-08-13 13:50:12,513 - WARNING - An unexpected error occurred: no close frame received or sent
2024-08-13 13:50:13,170 - WARNING - An unexpected error occurred: no close frame received or sent
2024-08-13 13:50:25,367 - WARNING - An unexpected error occurred: no close frame received or sent
2024-08-13 13:50:26,606 - WARNING - An unexpected error occurred: no close frame received or sent
2024-08-13 13:50:27,067 - WARNING - An unexpected error occurred: no close frame received or sent
2024-08-13 13:50:27,472 - WARNING - An unexpected error occurred: no close frame received or sent
2024-08-13 13:50:28,165 - WARNING - An unexpected error occurred: no close frame received or sent
2024-08-13 13:50:39,094 - INFO - Successfully connected to server.
2024-08-13 13:50:39,094 - INFO - Data sent to model server
2024-08-13 13:50:39,100 - INFO - Data received from model server
2024-08-13 13:50:39,100 - INFO - {'success': 'Room creation prepared'}
2024-08-13 13:50:40,405 - WARNING - An unexpected error occurred: no close frame received or sent
2024-08-13 13:50:41,664 - WARNING - An unexpected error occurred: no close frame received or sent
2024-08-13 13:50:42,038 - INFO - Successfully connected to server.
2024-08-13 13:50:42,039 - INFO - Data sent to model server
2024-08-13 13:50:42,040 - INFO - Data received from model server
2024-08-13 13:50:42,040 - INFO - {'success': 'Room creation prepared'}
2024-08-13 13:50:42,155 - WARNING - An unexpected error occurred: no close frame received or sent
2024-08-13 13:50:54,154 - INFO - Successfully connected to server.
2024-08-13 13:50:54,155 - INFO - Data sent to model server
2024-08-13 13:50:54,157 - INFO - Data received from model server
2024-08-13 13:50:54,157 - INFO - {'success': 'Room creation prepared'}
2024-08-13 13:50:55,382 - WARNING - An unexpected error occurred: no close frame received or sent
2024-08-13 13:50:56,679 - WARNING - An unexpected error occurred: no close frame received or sent
2024-08-13 13:50:57,172 - WARNING - An unexpected error occurred: no close frame received or sent
2024-08-13 13:50:57,478 - WARNING - An unexpected error occurred: no close frame received or sent
2024-08-13 13:50:58,165 - WARNING - An unexpected error occurred: no close frame received or sent
2024-08-13 13:51:10,368 - WARNING - An unexpected error occurred: no close frame received or sent
2024-08-13 13:51:11,599 - WARNING - An unexpected error occurred: no close frame received or sent
2024-08-13 13:51:12,055 - WARNING - An unexpected error occurred: no close frame received or sent
2024-08-13 13:51:12,443 - WARNING - An unexpected error occurred: no close frame received or sent
2024-08-13 13:51:13,165 - WARNING - An unexpected error occurred: no close frame received or sent
2024-08-13 13:51:25,365 - WARNING - An unexpected error occurred: no close frame received or sent
2024-08-13 13:51:26,597 - WARNING - An unexpected error occurred: no close frame received or sent
2024-08-13 13:51:26,999 - WARNING - An unexpected error occurred: no close frame received or sent
2024-08-13 13:51:27,422 - WARNING - An unexpected error occurred: no close frame received or sent
2024-08-13 13:51:28,164 - WARNING - An unexpected error occurred: no close frame received or sent
2024-08-13 13:51:40,364 - WARNING - An unexpected error occurred: no close frame received or sent
2024-08-13 13:51:41,600 - WARNING - An unexpected error occurred: no close frame received or sent
2024-08-13 13:51:42,047 - WARNING - An unexpected error occurred: no close frame received or sent
2024-08-13 13:51:42,448 - WARNING - An unexpected error occurred: no close frame received or sent
2024-08-13 13:51:43,265 - WARNING - An unexpected error occurred: no close frame received or sent
2024-08-13 13:51:55,367 - WARNING - An unexpected error occurred: no close frame received or sent
2024-08-13 13:51:56,599 - WARNING - An unexpected error occurred: no close frame received or sent
2024-08-13 13:51:57,205 - WARNING - An unexpected error occurred: no close frame received or sent
2024-08-13 13:51:57,445 - WARNING - An unexpected error occurred: no close frame received or sent
2024-08-13 13:51:58,167 - WARNING - An unexpected error occurred: no close frame received or sent
2024-08-13 13:52:24,786 - INFO - connection open
2024-08-13 13:53:10,382 - WARNING - An unexpected error occurred: no close frame received or sent
2024-08-13 13:53:11,602 - WARNING - An unexpected error occurred: no close frame received or sent
2024-08-13 13:53:11,996 - WARNING - An unexpected error occurred: no close frame received or sent
2024-08-13 13:53:12,424 - WARNING - An unexpected error occurred: no close frame received or sent
2024-08-13 13:53:13,274 - WARNING - An unexpected error occurred: no close frame received or sent
2024-08-13 13:53:16,709 - INFO - connection open
2024-08-13 13:53:25,407 - WARNING - An unexpected error occurred: no close frame received or sent
2024-08-13 13:53:26,599 - WARNING - An unexpected error occurred: no close frame received or sent
2024-08-13 13:53:27,002 - WARNING - An unexpected error occurred: no close frame received or sent
2024-08-13 13:53:27,424 - WARNING - An unexpected error occurred: no close frame received or sent
2024-08-13 13:53:28,179 - WARNING - An unexpected error occurred: no close frame received or sent
2024-08-13 13:53:40,366 - WARNING - An unexpected error occurred: no close frame received or sent
2024-08-13 13:53:41,603 - WARNING - An unexpected error occurred: no close frame received or sent
2024-08-13 13:53:41,999 - WARNING - An unexpected error occurred: no close frame received or sent
2024-08-13 13:53:42,520 - WARNING - An unexpected error occurred: no close frame received or sent
2024-08-13 13:53:43,177 - WARNING - An unexpected error occurred: no close frame received or sent
2024-08-13 13:53:55,366 - WARNING - An unexpected error occurred: no close frame received or sent
2024-08-13 13:53:56,604 - WARNING - An unexpected error occurred: no close frame received or sent
2024-08-13 13:53:56,997 - WARNING - An unexpected error occurred: no close frame received or sent
2024-08-13 13:53:57,421 - WARNING - An unexpected error occurred: no close frame received or sent
2024-08-13 13:53:58,196 - WARNING - An unexpected error occurred: no close frame received or sent
2024-08-13 13:54:10,483 - WARNING - An unexpected error occurred: no close frame received or sent
2024-08-13 13:54:11,602 - WARNING - An unexpected error occurred: no close frame received or sent
2024-08-13 13:54:11,997 - WARNING - An unexpected error occurred: no close frame received or sent
2024-08-13 13:54:12,424 - WARNING - An unexpected error occurred: no close frame received or sent
2024-08-13 13:54:13,169 - WARNING - An unexpected error occurred: no close frame received or sent
2024-08-13 13:54:15,365 - INFO - connection closed
2024-08-13 13:54:25,363 - WARNING - An unexpected error occurred: no close frame received or sent
2024-08-13 13:54:26,784 - WARNING - An unexpected error occurred: no close frame received or sent
2024-08-13 13:54:27,029 - WARNING - An unexpected error occurred: no close frame received or sent
2024-08-13 13:54:27,581 - WARNING - An unexpected error occurred: no close frame received or sent
2024-08-13 13:54:28,283 - WARNING - An unexpected error occurred: no close frame received or sent
2024-08-13 13:54:40,416 - WARNING - An unexpected error occurred: no close frame received or sent
2024-08-13 13:54:41,602 - WARNING - An unexpected error occurred: no close frame received or sent
2024-08-13 13:54:42,013 - WARNING - An unexpected error occurred: no close frame received or sent
2024-08-13 13:54:42,425 - WARNING - An unexpected error occurred: no close frame received or sent
2024-08-13 13:54:43,279 - WARNING - An unexpected error occurred: no close frame received or sent
2024-08-13 13:54:44,113 - INFO - connection open
2024-08-13 13:54:55,426 - WARNING - An unexpected error occurred: no close frame received or sent
2024-08-13 13:54:56,600 - WARNING - An unexpected error occurred: no close frame received or sent
2024-08-13 13:54:57,077 - WARNING - An unexpected error occurred: no close frame received or sent
2024-08-13 13:54:57,680 - WARNING - An unexpected error occurred: no close frame received or sent
2024-08-13 13:54:58,169 - WARNING - An unexpected error occurred: no close frame received or sent
2024-08-13 13:55:10,403 - WARNING - An unexpected error occurred: no close frame received or sent
2024-08-13 13:55:11,602 - WARNING - An unexpected error occurred: no close frame received or sent
2024-08-13 13:55:12,001 - WARNING - An unexpected error occurred: no close frame received or sent
2024-08-13 13:55:12,422 - WARNING - An unexpected error occurred: no close frame received or sent
2024-08-13 13:55:13,188 - WARNING - An unexpected error occurred: no close frame received or sent
2024-08-13 13:55:25,397 - WARNING - An unexpected error occurred: no close frame received or sent
2024-08-13 13:55:26,598 - WARNING - An unexpected error occurred: no close frame received or sent
2024-08-13 13:55:27,001 - WARNING - An unexpected error occurred: no close frame received or sent
2024-08-13 13:55:27,424 - WARNING - An unexpected error occurred: no close frame received or sent
2024-08-13 13:55:28,222 - WARNING - An unexpected error occurred: no close frame received or sent
2024-08-13 13:55:29,200 - INFO - connection closed
2024-08-13 13:55:30,877 - INFO - connection open
2024-08-13 13:55:38,431 - INFO - connection closed
2024-08-13 13:55:40,377 - WARNING - An unexpected error occurred: no close frame received or sent
2024-08-13 13:55:40,908 - INFO - connection open
2024-08-13 13:55:41,601 - WARNING - An unexpected error occurred: no close frame received or sent
2024-08-13 13:55:42,001 - WARNING - An unexpected error occurred: no close frame received or sent
2024-08-13 13:55:42,421 - WARNING - An unexpected error occurred: no close frame received or sent
2024-08-13 13:55:43,163 - WARNING - An unexpected error occurred: no close frame received or sent
2024-08-13 13:55:55,369 - WARNING - An unexpected error occurred: no close frame received or sent
2024-08-13 13:55:56,601 - WARNING - An unexpected error occurred: no close frame received or sent
2024-08-13 13:55:57,195 - WARNING - An unexpected error occurred: no close frame received or sent
2024-08-13 13:55:57,437 - WARNING - An unexpected error occurred: no close frame received or sent
2024-08-13 13:55:58,318 - WARNING - An unexpected error occurred: no close frame received or sent
2024-08-13 13:56:10,480 - WARNING - An unexpected error occurred: no close frame received or sent
2024-08-13 13:56:11,597 - WARNING - An unexpected error occurred: no close frame received or sent
2024-08-13 13:56:12,001 - WARNING - An unexpected error occurred: no close frame received or sent
2024-08-13 13:56:12,426 - WARNING - An unexpected error occurred: no close frame received or sent
2024-08-13 13:56:12,621 - INFO - connection closed
2024-08-13 13:56:13,164 - WARNING - An unexpected error occurred: no close frame received or sent
2024-08-13 13:56:25,366 - WARNING - An unexpected error occurred: no close frame received or sent
2024-08-13 13:56:26,596 - WARNING - An unexpected error occurred: no close frame received or sent
2024-08-13 13:56:27,003 - WARNING - An unexpected error occurred: no close frame received or sent
2024-08-13 13:56:27,438 - WARNING - An unexpected error occurred: no close frame received or sent
2024-08-13 13:56:28,166 - WARNING - An unexpected error occurred: no close frame received or sent
2024-08-13 13:56:40,406 - WARNING - An unexpected error occurred: no close frame received or sent
2024-08-13 13:56:41,605 - WARNING - An unexpected error occurred: no close frame received or sent
2024-08-13 13:56:41,998 - WARNING - An unexpected error occurred: no close frame received or sent
2024-08-13 13:56:42,429 - WARNING - An unexpected error occurred: no close frame received or sent
2024-08-13 13:56:43,170 - WARNING - An unexpected error occurred: no close frame received or sent
2024-08-13 13:56:55,389 - WARNING - An unexpected error occurred: no close frame received or sent
2024-08-13 13:56:56,599 - WARNING - An unexpected error occurred: no close frame received or sent
2024-08-13 13:56:57,004 - WARNING - An unexpected error occurred: no close frame received or sent
2024-08-13 13:56:57,433 - WARNING - An unexpected error occurred: no close frame received or sent
2024-08-13 13:56:58,285 - WARNING - An unexpected error occurred: no close frame received or sent
2024-08-13 13:57:10,416 - WARNING - An unexpected error occurred: no close frame received or sent
2024-08-13 13:57:11,605 - WARNING - An unexpected error occurred: no close frame received or sent
2024-08-13 13:57:12,017 - WARNING - An unexpected error occurred: no close frame received or sent
2024-08-13 13:57:12,419 - WARNING - An unexpected error occurred: no close frame received or sent
2024-08-13 13:57:13,221 - WARNING - An unexpected error occurred: no close frame received or sent
2024-08-13 13:57:25,405 - WARNING - An unexpected error occurred: no close frame received or sent
2024-08-13 13:57:26,604 - WARNING - An unexpected error occurred: no close frame received or sent
2024-08-13 13:57:27,352 - WARNING - An unexpected error occurred: no close frame received or sent
2024-08-13 13:57:27,623 - WARNING - An unexpected error occurred: no close frame received or sent
2024-08-13 13:57:28,228 - WARNING - An unexpected error occurred: no close frame received or sent
2024-08-13 13:57:35,829 - INFO - connection closed
2024-08-13 13:57:39,068 - INFO - connection open
2024-08-13 13:57:54,062 - WARNING - An unexpected error occurred: no close frame received or sent
2024-08-13 13:58:04,361 - WARNING - An unexpected error occurred: no close frame received or sent
2024-08-13 13:58:19,358 - WARNING - An unexpected error occurred: no close frame received or sent
2024-08-13 13:58:34,359 - WARNING - An unexpected error occurred: no close frame received or sent
2024-08-13 13:58:39,006 - INFO - connection open
2024-08-13 13:58:49,366 - WARNING - An unexpected error occurred: no close frame received or sent
2024-08-13 13:59:04,358 - WARNING - An unexpected error occurred: no close frame received or sent
2024-08-13 13:59:19,364 - WARNING - An unexpected error occurred: no close frame received or sent
2024-08-13 13:59:34,357 - WARNING - An unexpected error occurred: no close frame received or sent
2024-08-13 13:59:49,360 - WARNING - An unexpected error occurred: no close frame received or sent
2024-08-13 13:59:57,314 - INFO - connection closed
2024-08-13 13:59:57,314 - INFO - connection closed
2024-08-13 13:59:57,314 - INFO - connection closed
2024-08-13 13:59:57,315 - INFO - connection closed
2024-08-13 13:59:58,780 - INFO - server listening on 220.90.180.89:8080
2024-08-13 13:59:58,780 - INFO - server start datdebayo!
2024-08-13 14:00:02,328 - INFO - connection open
2024-08-13 14:00:02,366 - INFO - connection open
2024-08-13 14:00:02,463 - INFO - connection open
2024-08-13 14:00:02,489 - INFO - connection open
2024-08-13 14:00:09,569 - INFO - connection closed
2024-08-13 14:02:54,616 - INFO - connection closed
2024-08-13 14:04:35,485 - INFO - connection open
2024-08-13 14:05:06,504 - INFO - connection closed
2024-08-13 14:05:11,368 - INFO - connection closed
2024-08-13 14:05:12,886 - INFO - connection open
2024-08-13 14:05:14,469 - INFO - connection open
2024-08-13 14:05:28,581 - INFO - connection closed
2024-08-13 14:06:03,572 - INFO - connection closed
2024-08-13 14:06:03,572 - INFO - connection closed
2024-08-13 14:06:05,150 - INFO - server listening on 220.90.180.89:8080
2024-08-13 14:06:05,151 - INFO - server start datdebayo!
2024-08-13 14:06:08,583 - INFO - connection open
2024-08-13 14:06:08,608 - INFO - connection open
2024-08-13 14:06:28,479 - INFO - connection open
2024-08-13 14:07:50,933 - INFO - connection closed
2024-08-13 14:07:52,428 - INFO - connection open
2024-08-13 14:10:36,425 - INFO - connection closed
2024-08-13 14:13:30,559 - INFO - connection closed
2024-08-13 14:14:49,216 - INFO - connection open
2024-08-13 14:16:03,706 - INFO - connection closed
2024-08-13 14:16:04,965 - INFO - connection open
2024-08-13 14:16:27,875 - INFO - connection open
2024-08-13 14:16:54,046 - INFO - connection closed
2024-08-13 14:19:01,570 - INFO - connection open
2024-08-13 14:24:52,665 - INFO - connection open
2024-08-13 14:25:04,354 - INFO - connection closed
2024-08-13 14:25:05,538 - INFO - connection open
2024-08-13 14:25:15,957 - INFO - connection closed
2024-08-13 14:26:31,638 - INFO - connection closed
2024-08-13 14:26:33,535 - INFO - connection open
2024-08-13 14:27:25,739 - INFO - connection closed
2024-08-13 14:27:26,901 - INFO - connection open
2024-08-13 14:27:36,389 - INFO - connection closed
2024-08-13 14:27:38,082 - INFO - connection open
2024-08-13 14:27:58,982 - INFO - connection open
2024-08-13 14:27:58,983 - INFO - connection closed
2024-08-13 14:28:21,960 - WARNING - An unexpected error occurred: no close frame received or sent
2024-08-13 14:28:22,533 - INFO - connection open
2024-08-13 14:28:22,534 - INFO - connection closed
2024-08-13 14:28:35,909 - WARNING - An unexpected error occurred: no close frame received or sent
2024-08-13 14:28:39,410 - INFO - connection open
2024-08-13 14:28:39,411 - INFO - connection closed
2024-08-13 14:30:03,011 - INFO - connection closed
2024-08-13 14:31:04,029 - INFO - connection closed
2024-08-13 14:31:04,030 - INFO - connection closed
2024-08-13 14:31:05,403 - INFO - server listening on 220.90.180.89:8080
2024-08-13 14:31:05,403 - INFO - server start datdebayo!
2024-08-13 14:31:09,039 - INFO - connection open
2024-08-13 14:31:09,184 - INFO - connection open
2024-08-13 14:32:05,010 - INFO - connection open
2024-08-13 14:32:37,174 - INFO - connection closed
2024-08-13 14:33:04,597 - INFO - connection closed
2024-08-13 14:35:49,375 - INFO - connection open
2024-08-13 14:42:44,574 - INFO - connection closed
2024-08-13 14:43:10,120 - INFO - connection open
2024-08-13 14:43:21,256 - INFO - connection closed
2024-08-13 14:43:54,034 - INFO - connection open
2024-08-13 14:43:54,035 - INFO - connection closed
2024-08-13 14:43:59,101 - INFO - connection open
2024-08-13 14:44:11,142 - INFO - connection open
2024-08-13 14:44:30,804 - INFO - connection closed
2024-08-13 14:44:36,582 - INFO - connection closed
2024-08-13 14:47:00,390 - INFO - connection open
2024-08-13 14:52:15,544 - INFO - connection closed
2024-08-13 14:52:24,255 - INFO - connection open
2024-08-13 14:53:33,017 - INFO - connection open
2024-08-13 14:53:56,590 - INFO - connection closed
2024-08-13 14:54:58,500 - INFO - Successfully connected to server.
2024-08-13 14:54:58,559 - INFO - Data sent to model server
2024-08-13 14:54:58,702 - INFO - connection open
2024-08-13 14:56:16,517 - INFO - Data received from model server
2024-08-13 14:56:16,518 - INFO - {'success': 'Room creation prepared'}
2024-08-13 14:56:46,425 - INFO - Successfully connected to server.
2024-08-13 14:56:46,425 - INFO - Data sent to model server
2024-08-13 14:56:48,727 - INFO - Data received from model server
2024-08-13 14:56:48,727 - INFO - {'face_predictions': '신현우#', 'background_predictions': '대양', 'captions_predictions': '케이크 앞에 칼을 들고 있는 소년'}
2024-08-13 14:57:30,639 - INFO - Successfully connected to server.
2024-08-13 14:57:30,639 - INFO - Data sent to model server
2024-08-13 14:57:32,820 - INFO - Data received from model server
2024-08-13 14:57:32,820 - INFO - {'face_predictions': '', 'background_predictions': '대양', 'captions_predictions': '남자와 여자가 \u200b\u200b컴퓨터 책상 위에 앉아 있다'}
2024-08-13 14:57:39,278 - INFO - connection closed
2024-08-13 14:58:02,575 - INFO - Successfully connected to server.
2024-08-13 14:58:02,575 - INFO - Data sent to model server
2024-08-13 14:58:04,771 - INFO - Data received from model server
2024-08-13 14:58:04,771 - INFO - {'face_predictions': '', 'background_predictions': '대양', 'captions_predictions': '컴퓨터를 보고 있는 여자 옆에 서있는 남자와 여자'}
2024-08-13 15:00:04,904 - INFO - connection closed
2024-08-13 15:00:06,506 - INFO - connection open
2024-08-13 15:00:41,671 - INFO - connection open
2024-08-13 15:00:41,672 - WARNING - An unexpected error occurred: received 1000 (OK); then sent 1000 (OK)
2024-08-13 15:00:41,672 - WARNING - WebSocket connection already closed.
2024-08-13 15:00:41,672 - INFO - connection closed
2024-08-13 15:06:47,096 - INFO - connection closed
2024-08-13 15:12:44,670 - INFO - connection open
2024-08-13 15:12:55,490 - WARNING - An unexpected error occurred: no close frame received or sent
2024-08-13 15:13:10,486 - WARNING - An unexpected error occurred: no close frame received or sent
2024-08-13 15:13:26,074 - WARNING - An unexpected error occurred: no close frame received or sent
2024-08-13 15:13:44,794 - WARNING - An unexpected error occurred: no close frame received or sent
2024-08-13 15:14:05,361 - WARNING - An unexpected error occurred: no close frame received or sent
2024-08-13 15:14:11,630 - INFO - connection closed
2024-08-13 15:14:11,631 - INFO - connection closed
2024-08-13 15:25:45,130 - INFO - server listening on 220.90.180.89:8080
2024-08-13 15:25:45,130 - INFO - server start datdebayo!
2024-08-13 15:36:53,924 - INFO - server listening on 0.0.0.0:8080
2024-08-13 15:36:53,924 - INFO - server start datdebayo!
2024-08-13 15:52:34,848 - INFO - connection open
2024-08-13 15:57:09,442 - INFO - connection open
2024-08-13 15:57:14,550 - INFO - connection closed
2024-08-13 15:57:41,554 - INFO - connection open
2024-08-13 15:57:47,898 - INFO - connection closed
2024-08-13 15:57:58,497 - INFO - connection closed
2024-08-13 15:59:04,438 - INFO - connection open
2024-08-13 16:20:05,664 - INFO - connection closed
2024-08-13 16:23:17,670 - INFO - connection open
2024-08-13 16:23:18,856 - INFO - connection closed
2024-08-13 16:24:57,658 - INFO - connection open
2024-08-13 16:33:09,790 - INFO - connection rejected (400 Bad Request)
2024-08-13 16:33:09,790 - INFO - connection closed
2024-08-13 16:33:09,791 - INFO - connection rejected (400 Bad Request)
2024-08-13 16:33:09,791 - INFO - connection closed
2024-08-13 16:33:09,795 - INFO - connection rejected (426 Upgrade Required)
2024-08-13 16:33:09,796 - INFO - connection closed
2024-08-13 16:33:09,819 - INFO - connection rejected (426 Upgrade Required)
2024-08-13 16:33:09,819 - INFO - connection closed
2024-08-13 16:33:23,323 - INFO - connection open
2024-08-13 16:34:14,193 - INFO - connection closed
2024-08-13 16:35:06,831 - INFO - connection open
2024-08-13 16:36:04,137 - INFO - connection open
2024-08-13 16:36:45,406 - INFO - connection closed
2024-08-13 16:37:25,820 - ERROR - data transfer failed
Traceback (most recent call last):
  File "C:\Users\user\PycharmProjects\python-websocket-server-master\.venv\lib\site-packages\websockets\legacy\protocol.py", line 963, in transfer_data
    message = await self.read_message()
  File "C:\Users\user\PycharmProjects\python-websocket-server-master\.venv\lib\site-packages\websockets\legacy\protocol.py", line 1033, in read_message
    frame = await self.read_data_frame(max_size=self.max_size)
  File "C:\Users\user\PycharmProjects\python-websocket-server-master\.venv\lib\site-packages\websockets\legacy\protocol.py", line 1108, in read_data_frame
    frame = await self.read_frame(max_size)
  File "C:\Users\user\PycharmProjects\python-websocket-server-master\.venv\lib\site-packages\websockets\legacy\protocol.py", line 1165, in read_frame
    frame = await Frame.read(
  File "C:\Users\user\PycharmProjects\python-websocket-server-master\.venv\lib\site-packages\websockets\legacy\framing.py", line 68, in read
    data = await reader(2)
  File "C:\Users\user\AppData\Local\Programs\Python\Python310\lib\asyncio\streams.py", line 708, in readexactly
    await self._wait_for_data('readexactly')
  File "C:\Users\user\AppData\Local\Programs\Python\Python310\lib\asyncio\streams.py", line 501, in _wait_for_data
    await self._waiter
  File "C:\Users\user\AppData\Local\Programs\Python\Python310\lib\asyncio\proactor_events.py", line 286, in _loop_reading
    length = fut.result()
  File "C:\Users\user\AppData\Local\Programs\Python\Python310\lib\asyncio\windows_events.py", line 826, in _poll
    value = callback(transferred, key, ov)
  File "C:\Users\user\AppData\Local\Programs\Python\Python310\lib\asyncio\windows_events.py", line 494, in finish_recv
    return ov.getresult()
OSError: [WinError 121] 세마포 제한 시간이 만료되었습니다
2024-08-13 16:37:25,856 - INFO - connection closed
2024-08-13 16:45:11,473 - INFO - connection open
2024-08-13 16:45:45,101 - INFO - connection closed
2024-08-13 16:45:46,129 - INFO - connection open
2024-08-13 16:45:47,326 - INFO - connection closed
2024-08-13 16:45:48,712 - INFO - connection open
2024-08-13 16:45:49,851 - INFO - connection closed
2024-08-13 16:45:50,696 - INFO - connection open
2024-08-13 16:45:51,700 - INFO - connection closed
2024-08-13 16:45:52,473 - INFO - connection open
2024-08-13 16:45:53,232 - INFO - connection closed
2024-08-13 16:47:42,004 - INFO - Successfully connected to server.
2024-08-13 16:47:42,004 - INFO - Data sent to model server
2024-08-13 16:47:44,338 - INFO - Data received from model server
2024-08-13 16:47:44,338 - INFO - {'face_predictions': '', 'background_predictions': '대양', 'captions_predictions': '고릴라 의자를 탄 남자와 스케이트보드를 타고 헬멧을 쓴 남자'}
2024-08-13 16:47:44,464 - INFO - Successfully connected to server.
2024-08-13 16:47:44,464 - INFO - Data sent to model server
2024-08-13 16:47:46,664 - INFO - Data received from model server
2024-08-13 16:47:46,664 - INFO - {'face_predictions': '', 'background_predictions': '대양', 'captions_predictions': '마스크를 어깨에 걸치고 휴대폰을 앞에 두고 도넛을 먹는 남자'}
2024-08-13 16:47:53,229 - INFO - Successfully connected to server.
2024-08-13 16:47:53,229 - INFO - Data sent to model server
2024-08-13 16:47:55,397 - INFO - Data received from model server
2024-08-13 16:47:55,397 - INFO - {'face_predictions': '', 'background_predictions': '대양', 'captions_predictions': '노트북 옆 플랫폼에 서 있는 사람'}
2024-08-13 16:47:55,514 - INFO - Successfully connected to server.
2024-08-13 16:47:55,515 - INFO - Data sent to model server
2024-08-13 16:47:57,528 - INFO - Data received from model server
2024-08-13 16:47:57,528 - INFO - {'face_predictions': '', 'background_predictions': '미용실', 'captions_predictions': '헬멧을 쓴 남자가 경사로에 서 있다'}
2024-08-13 16:47:57,644 - INFO - Successfully connected to server.
2024-08-13 16:47:57,644 - INFO - Data sent to model server
2024-08-13 16:47:59,741 - INFO - Data received from model server
2024-08-13 16:47:59,741 - INFO - {'face_predictions': '', 'background_predictions': '대양', 'captions_predictions': '한 남자가 빨간 차 앞에 서 있다'}
2024-08-13 16:47:59,864 - INFO - Successfully connected to server.
2024-08-13 16:47:59,864 - INFO - Data sent to model server
2024-08-13 16:48:01,778 - INFO - Data received from model server
2024-08-13 16:48:01,778 - INFO - {'face_predictions': '', 'background_predictions': '대양', 'captions_predictions': '파란 셔츠를 입은 남자가 보트 위에 누워 있다'}
2024-08-13 16:48:01,904 - INFO - Successfully connected to server.
2024-08-13 16:48:01,904 - INFO - Data sent to model server
2024-08-13 16:48:04,099 - INFO - Data received from model server
2024-08-13 16:48:04,100 - INFO - {'face_predictions': '', 'background_predictions': '대양', 'captions_predictions': '한 소년이 수하물 줄 앞에 서 있다'}
2024-08-13 16:48:04,210 - INFO - Successfully connected to server.
2024-08-13 16:48:04,210 - INFO - Data sent to model server
2024-08-13 16:48:06,307 - INFO - Data received from model server
2024-08-13 16:48:06,307 - INFO - {'face_predictions': '', 'background_predictions': '미용실', 'captions_predictions': '파란 셔츠를 입은 소년이 카트 위에 서 있다'}
2024-08-13 16:48:06,658 - INFO - Successfully connected to server.
2024-08-13 16:48:06,658 - INFO - Data sent to model server
2024-08-13 16:48:08,761 - INFO - Data received from model server
2024-08-13 16:48:08,761 - INFO - {'face_predictions': '', 'background_predictions': '미용실', 'captions_predictions': '파란 셔츠를 입은 남자가 카트 위에 서 있다'}
2024-08-13 16:48:08,867 - INFO - Successfully connected to server.
2024-08-13 16:48:08,867 - INFO - Data sent to model server
2024-08-13 16:48:10,936 - INFO - Data received from model server
2024-08-13 16:48:10,936 - INFO - {'face_predictions': '', 'background_predictions': '채소밭', 'captions_predictions': '차 안에 있는 남자가 차 옆에 서 있다'}
2024-08-13 16:48:12,641 - INFO - Successfully connected to server.
2024-08-13 16:48:12,642 - INFO - Data sent to model server
2024-08-13 16:48:14,858 - INFO - Data received from model server
2024-08-13 16:48:14,858 - INFO - {'face_predictions': '', 'background_predictions': '거리', 'captions_predictions': '네온 블루 셔츠를 입고 흰색 스케이트보드를 타는 남자'}
2024-08-13 16:48:14,953 - INFO - Successfully connected to server.
2024-08-13 16:48:14,954 - INFO - Data sent to model server
2024-08-13 16:48:17,112 - INFO - Data received from model server
2024-08-13 16:48:17,113 - INFO - {'face_predictions': '', 'background_predictions': '수문', 'captions_predictions': '수염을 기르고 파란색 셔츠와 파란색 재킷을 입고 보도에 있는 남자'}
2024-08-13 16:48:17,223 - INFO - Successfully connected to server.
2024-08-13 16:48:17,224 - INFO - Data sent to model server
2024-08-13 16:48:19,429 - INFO - Data received from model server
2024-08-13 16:48:19,429 - INFO - {'face_predictions': '', 'background_predictions': '대양', 'captions_predictions': '양복을 입은 남자가 차 옆에 서 있다'}
2024-08-13 16:52:05,666 - INFO - connection closed
2024-08-13 16:53:37,705 - INFO - connection open
2024-08-13 16:53:38,496 - WARNING - An unexpected error occurred: no close frame received or sent
2024-08-13 16:53:38,675 - WARNING - An unexpected error occurred: no close frame received or sent
2024-08-13 16:53:39,241 - WARNING - An unexpected error occurred: no close frame received or sent
2024-08-13 16:53:40,995 - WARNING - An unexpected error occurred: no close frame received or sent
2024-08-13 16:53:53,490 - WARNING - An unexpected error occurred: no close frame received or sent
2024-08-13 16:53:53,673 - WARNING - An unexpected error occurred: no close frame received or sent
2024-08-13 16:53:54,251 - WARNING - An unexpected error occurred: no close frame received or sent
2024-08-13 16:53:55,992 - WARNING - An unexpected error occurred: no close frame received or sent
2024-08-13 16:54:08,501 - WARNING - An unexpected error occurred: no close frame received or sent
2024-08-13 16:54:08,671 - WARNING - An unexpected error occurred: no close frame received or sent
2024-08-13 16:54:09,241 - WARNING - An unexpected error occurred: no close frame received or sent
2024-08-13 16:54:11,001 - WARNING - An unexpected error occurred: no close frame received or sent
2024-08-13 16:54:23,497 - WARNING - An unexpected error occurred: no close frame received or sent
2024-08-13 16:54:23,671 - WARNING - An unexpected error occurred: no close frame received or sent
2024-08-13 16:54:24,245 - WARNING - An unexpected error occurred: no close frame received or sent
2024-08-13 16:54:25,992 - WARNING - An unexpected error occurred: no close frame received or sent
2024-08-13 16:54:38,488 - WARNING - An unexpected error occurred: no close frame received or sent
2024-08-13 16:54:38,674 - WARNING - An unexpected error occurred: no close frame received or sent
2024-08-13 16:54:39,246 - WARNING - An unexpected error occurred: no close frame received or sent
2024-08-13 16:54:41,033 - WARNING - An unexpected error occurred: no close frame received or sent
2024-08-13 16:54:53,493 - WARNING - An unexpected error occurred: no close frame received or sent
2024-08-13 16:54:53,672 - WARNING - An unexpected error occurred: no close frame received or sent
2024-08-13 16:54:54,238 - WARNING - An unexpected error occurred: no close frame received or sent
2024-08-13 16:54:55,990 - WARNING - An unexpected error occurred: no close frame received or sent
2024-08-13 16:55:08,493 - WARNING - An unexpected error occurred: no close frame received or sent
2024-08-13 16:55:08,674 - WARNING - An unexpected error occurred: no close frame received or sent
2024-08-13 16:55:09,244 - WARNING - An unexpected error occurred: no close frame received or sent
2024-08-13 16:55:11,123 - WARNING - An unexpected error occurred: no close frame received or sent
2024-08-13 16:55:13,959 - INFO - connection closed
2024-08-13 16:56:34,992 - INFO - connection open
2024-08-13 17:04:55,998 - INFO - connection closed
2024-08-13 17:14:31,238 - INFO - connection open
2024-08-13 17:14:51,653 - INFO - connection open
2024-08-13 17:14:56,952 - INFO - connection closed
2024-08-13 17:15:01,468 - INFO - connection open
2024-08-13 17:15:02,240 - INFO - connection open
2024-08-13 17:15:04,044 - INFO - connection closed
2024-08-13 17:17:40,072 - INFO - connection open
2024-08-13 17:17:43,616 - INFO - connection closed
2024-08-13 17:17:51,625 - INFO - connection open
2024-08-13 17:17:54,558 - INFO - connection closed
2024-08-13 17:18:11,592 - INFO - connection open
2024-08-13 17:18:26,149 - INFO - connection closed
2024-08-13 17:19:20,275 - INFO - connection closed
2024-08-13 17:19:20,276 - INFO - connection closed
2024-08-13 17:19:21,743 - INFO - server listening on 0.0.0.0:8080
2024-08-13 17:19:21,743 - INFO - server start datdebayo!
2024-08-13 17:19:25,298 - INFO - connection open
2024-08-13 17:19:25,316 - INFO - connection open
2024-08-13 17:20:06,788 - INFO - connection open
2024-08-13 17:20:27,312 - INFO - connection closed
2024-08-13 17:21:05,221 - INFO - connection closed
2024-08-13 17:21:32,438 - INFO - connection open
2024-08-13 17:21:33,778 - INFO - connection closed
2024-08-13 17:22:03,952 - WARNING - Error handling: not enough arguments for format string
2024-08-13 17:30:23,787 - INFO - connection open
2024-08-13 18:49:03,035 - INFO - connection closed
2024-08-13 19:34:11,804 - INFO - connection open
2024-08-13 19:34:38,439 - INFO - connection open
2024-08-13 19:34:39,944 - INFO - connection closed
2024-08-13 19:44:34,550 - INFO - connection closed
2024-08-13 19:59:12,317 - INFO - connection open
2024-08-13 19:59:13,518 - INFO - connection closed
2024-08-13 20:09:12,209 - INFO - connection open
2024-08-13 20:09:17,215 - WARNING - An unexpected error occurred: no close frame received or sent
2024-08-13 20:09:32,221 - WARNING - An unexpected error occurred: no close frame received or sent
2024-08-13 20:09:47,252 - WARNING - An unexpected error occurred: no close frame received or sent
2024-08-13 20:10:02,207 - WARNING - An unexpected error occurred: no close frame received or sent
2024-08-13 20:10:17,184 - WARNING - An unexpected error occurred: no close frame received or sent
2024-08-13 20:10:32,190 - WARNING - An unexpected error occurred: no close frame received or sent
2024-08-13 20:10:47,203 - WARNING - An unexpected error occurred: no close frame received or sent
2024-08-13 20:11:02,185 - WARNING - An unexpected error occurred: no close frame received or sent
2024-08-13 20:11:17,236 - WARNING - An unexpected error occurred: no close frame received or sent
2024-08-13 20:11:32,184 - WARNING - An unexpected error occurred: no close frame received or sent
2024-08-13 20:11:47,237 - WARNING - An unexpected error occurred: no close frame received or sent
2024-08-13 20:12:02,183 - WARNING - An unexpected error occurred: no close frame received or sent
2024-08-13 20:12:17,184 - WARNING - An unexpected error occurred: no close frame received or sent
2024-08-13 20:12:32,179 - WARNING - An unexpected error occurred: no close frame received or sent
2024-08-13 20:12:47,181 - WARNING - An unexpected error occurred: no close frame received or sent
2024-08-13 20:13:02,185 - WARNING - An unexpected error occurred: no close frame received or sent
2024-08-13 20:13:12,819 - INFO - connection closed
2024-08-13 20:13:45,661 - INFO - connection open
2024-08-13 20:13:48,097 - INFO - connection closed
2024-08-13 20:14:31,247 - INFO - connection open
2024-08-13 20:14:49,934 - INFO - connection closed
2024-08-13 20:14:52,200 - INFO - connection open
2024-08-13 20:14:57,591 - INFO - connection closed
2024-08-13 20:16:11,710 - INFO - connection open
2024-08-13 20:28:50,644 - INFO - connection open
2024-08-13 20:30:41,986 - INFO - connection closed
2024-08-13 20:52:57,908 - INFO - connection closed
2024-08-13 20:52:57,908 - INFO - connection closed
2024-08-13 20:53:05,353 - INFO - server listening on 0.0.0.0:8080
2024-08-13 20:53:05,353 - INFO - server start datdebayo!
2024-08-13 20:53:06,103 - INFO - connection open
2024-08-13 20:53:07,458 - INFO - connection open
